[2019-07-26T18:07:47.316] [ERROR] error - Request: POST http://localhost:9999 /api/users {} undefined Error:TypeError Cannot read property 'length' of undefined
[2019-07-26T18:07:57.264] [ERROR] error - Request: POST http://localhost:9999 /api/users {} undefined Error:TypeError Cannot read property 'length' of undefined
[2019-07-26T18:08:08.327] [ERROR] error - Request: POST http://localhost:9999 /api/users {} undefined Error:TypeError Cannot read property 'length' of undefined
[2019-07-26T18:08:19.803] [ERROR] error - Request: POST http://localhost:9999 /api/users {} undefined Error:TypeError Cannot read property 'length' of undefined
[2019-07-26T18:24:02.431] [ERROR] error - Request: PUT http://localhost:9999 /api/users/1 {} undefined Error:Error TypeError: Cannot read property 'payload' of undefined
[2019-07-26T18:38:02.332] [ERROR] error - Request: PUT http://localhost:9999 /api/users/1 {} undefined Error:Error TypeError: Cannot read property 'payload' of undefined
[2019-07-26T18:38:42.159] [ERROR] error - Request: PUT http://localhost:9999 /api/users/1 {} undefined Error:Error TypeError: Cannot read property 'payload' of undefined
[2019-07-26T18:38:51.276] [ERROR] error - Request: PUT http://localhost:9999 /api/users/1 {} undefined Error:Error TypeError: Cannot read property 'payload' of undefined
[2019-07-26T18:38:57.433] [ERROR] error - Request: PUT http://localhost:9999 /api/users/1 {} undefined Error:TypeError value.map is not a function
[2019-07-26T18:39:03.124] [ERROR] error - Request: PUT http://localhost:9999 /api/users/1 {} undefined Error:Error TypeError: Cannot read property 'payload' of undefined
[2019-07-26T19:57:10.361] [ERROR] error - Request: GET http://localhost:9999 /api/brands {} undefined Error:TypeError Cannot read property 'length' of undefined
[2019-07-26T19:57:18.334] [ERROR] error - Request: GET http://localhost:9999 /api/brands {} undefined Error:TypeError Cannot read property 'length' of undefined
[2019-07-26T19:57:25.580] [ERROR] error - Request: GET http://localhost:9999 /api/brands {} undefined Error:TypeError Cannot read property 'length' of undefined
[2019-07-26T19:57:32.244] [ERROR] error - Request: GET http://localhost:9999 /api/brands {} undefined Error:TypeError Cannot read property 'length' of undefined
[2019-07-26T19:57:46.034] [ERROR] error - Request: GET http://localhost:9999 /api/brands {"[":"1","p_size":"10"} undefined Error:TypeError Cannot read property 'length' of undefined
[2019-07-26T19:57:47.592] [ERROR] error - Request: GET http://localhost:9999 /api/brands {"[":"1","p_size":"10"} undefined Error:TypeError Cannot read property 'length' of undefined
[2019-07-26T19:57:48.041] [ERROR] error - Request: GET http://localhost:9999 /api/brands {"[":"1","p_size":"10"} undefined Error:TypeError Cannot read property 'length' of undefined
[2019-07-26T19:57:48.211] [ERROR] error - Request: GET http://localhost:9999 /api/brands {"[":"1","p_size":"10"} undefined Error:TypeError Cannot read property 'length' of undefined
[2019-07-26T19:58:28.839] [ERROR] error - Request: GET http://localhost:9999 /api/brands {"[":"1","p_size":"10"} undefined Error:TypeError Cannot read property 'length' of undefined
[2019-07-26T20:02:02.564] [ERROR] error - Request: GET http://localhost:9999 /api/brands {"manufactor_id":"14"} undefined Error:TypeError value.map is not a function
[2019-07-26T20:02:11.777] [ERROR] error - Request: GET http://localhost:9999 /api/brands {"manufactor_id":"14"} undefined Error:TypeError value.map is not a function
[2019-07-26T20:02:43.744] [ERROR] error - Request: GET http://localhost:9999 /api/brands {"manufactor_id":"14"} undefined Error:TypeError value.map is not a function
[2019-07-26T20:02:49.821] [ERROR] error - Request: GET http://localhost:9999 /api/brands {"manufactor_id":"14"} undefined Error:TypeError value.map is not a function
[2019-07-26T20:02:50.359] [ERROR] error - Request: GET http://localhost:9999 /api/brands {"manufactor_id":"14"} undefined Error:TypeError value.map is not a function
[2019-07-26T20:03:24.552] [ERROR] error - Request: GET http://localhost:9999 /api/brands {"manufactor_id":"14"} undefined Error:TypeError value.map is not a function
[2019-07-26T20:03:34.282] [ERROR] error - Request: GET http://localhost:9999 /api/brands {"manufactor_id":"14"} undefined Error:ReferenceError brands is not defined
[2019-07-26T20:03:40.798] [ERROR] error - Request: GET http://localhost:9999 /api/brands {"manufactor_id":"14"} undefined Error:ReferenceError brands is not defined
[2019-07-26T20:04:26.377] [ERROR] error - Request: GET http://localhost:9999 /api/brands {"manufactor_id":"14"} undefined Error:ReferenceError brands is not defined
[2019-07-26T20:04:26.855] [ERROR] error - Request: GET http://localhost:9999 /api/brands {"manufactor_id":"14"} undefined Error:ReferenceError brands is not defined
[2019-07-26T20:04:27.030] [ERROR] error - Request: GET http://localhost:9999 /api/brands {"manufactor_id":"14"} undefined Error:ReferenceError brands is not defined
[2019-07-26T20:04:41.663] [ERROR] error - Request: GET http://localhost:9999 /api/brands {"manufactor_id":"14"} undefined Error:ReferenceError brands is not defined
[2019-07-26T20:04:51.695] [ERROR] error - Request: GET http://localhost:9999 /api/brands {"manufactor_id":"14","keys":"康"} undefined Error:ReferenceError brands is not defined
[2019-07-26T20:04:55.061] [ERROR] error - Request: GET http://localhost:9999 /api/brands {"keys":"康"} undefined Error:ReferenceError brands is not defined
[2019-07-26T20:04:55.743] [ERROR] error - Request: GET http://localhost:9999 /api/brands {"keys":"康"} undefined Error:ReferenceError brands is not defined
[2019-07-26T20:04:55.910] [ERROR] error - Request: GET http://localhost:9999 /api/brands {"keys":"康"} undefined Error:ReferenceError brands is not defined
[2019-07-26T20:04:56.077] [ERROR] error - Request: GET http://localhost:9999 /api/brands {"keys":"康"} undefined Error:ReferenceError brands is not defined
[2019-07-26T20:04:59.488] [ERROR] error - Request: GET http://localhost:9999 /api/brands {"keys":"康"} undefined Error:ReferenceError brands is not defined
[2019-07-26T20:04:59.688] [ERROR] error - Request: GET http://localhost:9999 /api/brands {"keys":"康"} undefined Error:ReferenceError brands is not defined
[2019-07-26T20:04:59.870] [ERROR] error - Request: GET http://localhost:9999 /api/brands {"keys":"康"} undefined Error:ReferenceError brands is not defined
[2019-07-26T20:05:00.230] [ERROR] error - Request: GET http://localhost:9999 /api/brands {"keys":"康"} undefined Error:ReferenceError brands is not defined
[2019-07-26T20:05:00.446] [ERROR] error - Request: GET http://localhost:9999 /api/brands {"keys":"康"} undefined Error:ReferenceError brands is not defined
[2019-07-26T20:05:00.615] [ERROR] error - Request: GET http://localhost:9999 /api/brands {"keys":"康"} undefined Error:ReferenceError brands is not defined
[2019-07-26T20:05:10.326] [ERROR] error - Request: GET http://localhost:9999 /api/brands {"keys":"康"} undefined Error:ReferenceError brands is not defined
[2019-07-26T20:05:10.511] [ERROR] error - Request: GET http://localhost:9999 /api/brands {"keys":"康"} undefined Error:ReferenceError brands is not defined
[2019-07-26T20:05:10.687] [ERROR] error - Request: GET http://localhost:9999 /api/brands {"keys":"康"} undefined Error:ReferenceError brands is not defined
[2019-07-26T20:05:13.630] [ERROR] error - Request: GET http://localhost:9999 /api/brands {"keys":"康"} undefined Error:ReferenceError brands is not defined
[2019-07-26T20:05:13.830] [ERROR] error - Request: GET http://localhost:9999 /api/brands {"keys":"康"} undefined Error:ReferenceError brands is not defined
[2019-07-26T20:05:14.016] [ERROR] error - Request: GET http://localhost:9999 /api/brands {"keys":"康"} undefined Error:ReferenceError brands is not defined
[2019-07-26T20:05:14.231] [ERROR] error - Request: GET http://localhost:9999 /api/brands {"keys":"康"} undefined Error:ReferenceError brands is not defined
[2019-07-26T20:05:14.376] [ERROR] error - Request: GET http://localhost:9999 /api/brands {"keys":"康"} undefined Error:ReferenceError brands is not defined
[2019-07-26T20:06:15.162] [ERROR] error - Request: GET http://localhost:9999 /api/brands {"manufactor_id":"14"} undefined Error:TypeError value.map is not a function
[2019-07-26T20:06:39.902] [ERROR] error - Request: GET http://localhost:9999 /api/brands {"manufactor_id":"14"} undefined Error:TypeError value.map is not a function
[2019-07-26T20:06:40.506] [ERROR] error - Request: GET http://localhost:9999 /api/brands {"manufactor_id":"14"} undefined Error:TypeError value.map is not a function
[2019-07-26T20:06:40.694] [ERROR] error - Request: GET http://localhost:9999 /api/brands {"manufactor_id":"14"} undefined Error:TypeError value.map is not a function
[2019-07-26T20:06:51.777] [ERROR] error - Request: GET http://localhost:9999 /api/brands {"manufactor_id":"14","keys":"康"} undefined Error:TypeError value.map is not a function
