[2019-08-03T14:23:10.307] [ERROR] error - Request: GET http://localhost:9999 /api/charts/sales/record {"p_size":"10"} undefined Error:SequelizeDatabaseError You have an error in your SQL syntax; check the manual that corresponds to your MySQL server version for the right syntax to use near ''10'' at line 1
[2019-08-03T14:23:17.374] [ERROR] error - Request: GET http://localhost:9999 /api/charts/sales/record {"p_size":"5"} undefined Error:SequelizeDatabaseError You have an error in your SQL syntax; check the manual that corresponds to your MySQL server version for the right syntax to use near ''5'' at line 1
[2019-08-03T14:23:44.951] [ERROR] error - Request: GET http://localhost:9999 /api/charts/sales/record {"p_size":"5"} undefined Error:SequelizeDatabaseError You have an error in your SQL syntax; check the manual that corresponds to your MySQL server version for the right syntax to use near ''5'' at line 1
[2019-08-03T14:23:44.954] [ERROR] error - Request: GET http://localhost:9999 /api/charts/purchase/record {"p_size":"5"} undefined Error:SequelizeDatabaseError You have an error in your SQL syntax; check the manual that corresponds to your MySQL server version for the right syntax to use near ''5'' at line 1
[2019-08-03T14:25:32.648] [ERROR] error - Request: GET http://localhost:9999 /api/charts/sales/record {"p_size":"5"} undefined Error:SequelizeDatabaseError You have an error in your SQL syntax; check the manual that corresponds to your MySQL server version for the right syntax to use near ''5'' at line 1
[2019-08-03T14:25:32.652] [ERROR] error - Request: GET http://localhost:9999 /api/charts/purchase/record {"p_size":"5"} undefined Error:SequelizeDatabaseError You have an error in your SQL syntax; check the manual that corresponds to your MySQL server version for the right syntax to use near ''5'' at line 1
[2019-08-03T14:26:26.501] [ERROR] error - Request: GET http://localhost:9999 /api/charts/sales/record {"p_size":"5"} undefined Error:SequelizeDatabaseError You have an error in your SQL syntax; check the manual that corresponds to your MySQL server version for the right syntax to use near ''5'' at line 1
[2019-08-03T14:26:26.502] [ERROR] error - Request: GET http://localhost:9999 /api/charts/purchase/record {"p_size":"5"} undefined Error:SequelizeDatabaseError You have an error in your SQL syntax; check the manual that corresponds to your MySQL server version for the right syntax to use near ''5'' at line 1
[2019-08-03T14:26:43.385] [ERROR] error - Request: GET http://localhost:9999 /api/charts/sales/record {"p_size":"5"} undefined Error:SequelizeDatabaseError You have an error in your SQL syntax; check the manual that corresponds to your MySQL server version for the right syntax to use near ''5'' at line 1
[2019-08-03T14:26:43.387] [ERROR] error - Request: GET http://localhost:9999 /api/charts/purchase/record {"p_size":"5"} undefined Error:SequelizeDatabaseError You have an error in your SQL syntax; check the manual that corresponds to your MySQL server version for the right syntax to use near ''5'' at line 1
[2019-08-03T14:27:14.376] [ERROR] error - Request: GET http://localhost:9999 /api/charts/sales/record {"p_size":"5"} undefined Error:SequelizeDatabaseError You have an error in your SQL syntax; check the manual that corresponds to your MySQL server version for the right syntax to use near ''5'' at line 1
[2019-08-03T14:27:14.380] [ERROR] error - Request: GET http://localhost:9999 /api/charts/purchase/record {"p_size":"5"} undefined Error:SequelizeDatabaseError You have an error in your SQL syntax; check the manual that corresponds to your MySQL server version for the right syntax to use near ''5'' at line 1
[2019-08-03T15:35:47.634] [ERROR] error - Request: GET http://localhost:9999 /api/charts/salesPurchase {} undefined Error:ReferenceError res is not defined
[2019-08-03T15:35:48.498] [ERROR] error - Request: GET http://localhost:9999 /api/charts/salesPurchase {} undefined Error:ReferenceError res is not defined
[2019-08-03T15:35:48.698] [ERROR] error - Request: GET http://localhost:9999 /api/charts/salesPurchase {} undefined Error:ReferenceError res is not defined
[2019-08-03T15:35:48.865] [ERROR] error - Request: GET http://localhost:9999 /api/charts/salesPurchase {} undefined Error:ReferenceError res is not defined
[2019-08-03T15:35:52.666] [ERROR] error - Request: GET http://localhost:9999 /api/charts/salesPurchase {} undefined Error:ReferenceError res is not defined
[2019-08-03T15:35:53.167] [ERROR] error - Request: GET http://localhost:9999 /api/charts/salesPurchase {} undefined Error:ReferenceError res is not defined
[2019-08-03T15:35:53.351] [ERROR] error - Request: GET http://localhost:9999 /api/charts/salesPurchase {} undefined Error:ReferenceError res is not defined
[2019-08-03T15:35:53.535] [ERROR] error - Request: GET http://localhost:9999 /api/charts/salesPurchase {} undefined Error:ReferenceError res is not defined
[2019-08-03T15:35:53.686] [ERROR] error - Request: GET http://localhost:9999 /api/charts/salesPurchase {} undefined Error:ReferenceError res is not defined
[2019-08-03T15:36:04.840] [ERROR] error - Request: GET http://localhost:9999 /api/charts/salesPurchase {} undefined Error:ReferenceError res is not defined
[2019-08-03T16:25:23.170] [ERROR] error - Request: GET http://localhost:9999 /api/charts/salesPurchase {} undefined Error:TypeError Cannot read property 'amount' of undefined
[2019-08-03T16:26:01.361] [ERROR] error - Request: GET http://localhost:9999 /api/charts/salesPurchase {} undefined Error:TypeError Cannot read property 'amount' of undefined
[2019-08-03T16:31:23.109] [ERROR] error - Request: GET http://localhost:9999 /api/charts/salesPurchase {} undefined Error:TypeError 0 is not a function
[2019-08-03T16:31:24.384] [ERROR] error - Request: GET http://localhost:9999 /api/charts/salesPurchase {} undefined Error:TypeError 0 is not a function
[2019-08-03T16:32:07.818] [ERROR] error - Request: GET http://localhost:9999 /api/charts/salesPurchase {} undefined Error:TypeError 0 is not a function
[2019-08-03T16:32:09.015] [ERROR] error - Request: GET http://localhost:9999 /api/charts/salesPurchase {} undefined Error:TypeError 0 is not a function
[2019-08-03T16:32:09.200] [ERROR] error - Request: GET http://localhost:9999 /api/charts/salesPurchase {} undefined Error:TypeError 0 is not a function
[2019-08-03T16:32:09.402] [ERROR] error - Request: GET http://localhost:9999 /api/charts/salesPurchase {} undefined Error:TypeError 0 is not a function
[2019-08-03T16:32:09.557] [ERROR] error - Request: GET http://localhost:9999 /api/charts/salesPurchase {} undefined Error:TypeError 0 is not a function
[2019-08-03T16:32:09.721] [ERROR] error - Request: GET http://localhost:9999 /api/charts/salesPurchase {} undefined Error:TypeError 0 is not a function
[2019-08-03T16:32:09.897] [ERROR] error - Request: GET http://localhost:9999 /api/charts/salesPurchase {} undefined Error:TypeError 0 is not a function
[2019-08-03T16:33:58.676] [ERROR] error - Request: GET http://localhost:9999 /api/charts/salesPurchase {} undefined Error:TypeError 0 is not a function
[2019-08-03T16:34:14.906] [ERROR] error - Request: GET http://localhost:9999 /api/charts/salesPurchase {} undefined Error:TypeError 0 is not a function
[2019-08-03T16:34:15.496] [ERROR] error - Request: GET http://localhost:9999 /api/charts/salesPurchase {} undefined Error:TypeError 0 is not a function
[2019-08-03T16:34:15.691] [ERROR] error - Request: GET http://localhost:9999 /api/charts/salesPurchase {} undefined Error:TypeError 0 is not a function
