[2019-07-22T13:59:02.781] [ERROR] error - Request: GET http://localhost:9999 /api/sales {"p":"1","p_size":"10"} undefined Error:SequelizeEagerLoadingError manufactors is not associated to goods!
[2019-07-22T13:59:06.738] [ERROR] error - Request: GET http://localhost:9999 /api/sales {"p":"1","p_size":"10"} undefined Error:SequelizeEagerLoadingError manufactors is not associated to goods!
[2019-07-22T13:59:28.304] [ERROR] error - Request: GET http://localhost:9999 /api/sales {"p":"1","p_size":"10"} undefined Error:SequelizeEagerLoadingError manufactors is not associated to goods!
[2019-07-22T13:59:29.900] [ERROR] error - Request: GET http://localhost:9999 /api/sales {"p":"1","p_size":"10"} undefined Error:SequelizeEagerLoadingError manufactors is not associated to goods!
[2019-07-22T13:59:44.754] [ERROR] error - Request: GET http://localhost:9999 /api/sales {"p":"1","p_size":"10"} undefined Error:SequelizeEagerLoadingError manufactors is not associated to goods!
[2019-07-22T14:37:21.046] [ERROR] error - Request: GET http://localhost:9999 /api/sales {"p":"1","p_size":"10","category":"","brand":"","manufactor":"","start_time":"","end_time":""} undefined Error:TypeError salesService.findAllByPages is not a function
[2019-07-22T14:37:31.326] [ERROR] error - Request: GET http://localhost:9999 /api/sales {"p":"1","p_size":"10","category":"","brand":"","manufactor":"","start_time":"","end_time":""} undefined Error:TypeError salesService.findAllByPages is not a function
[2019-07-22T15:07:24.051] [ERROR] error - Request: GET http://localhost:9999 /api/sales {"p":"1","p_size":"10","category":"","brand":"","manufactor":"","start_time":"","end_time":""} undefined Error:SyntaxError Identifier 'brandInclude' has already been declared
[2019-07-22T15:08:05.326] [ERROR] error - Request: GET http://localhost:9999 /api/sales {"p":"1","p_size":"10","category":"","brand":"","manufactor":"","start_time":"","end_time":""} undefined Error:SyntaxError Identifier 'brandInclude' has already been declared
[2019-07-22T15:10:09.604] [ERROR] error - Request: GET http://localhost:9999 /api/sales {"p":"1","p_size":"10","category":"","brand":"","manufactor":"","start_time":"","end_time":""} undefined Error:SyntaxError Identifier 'brandInclude' has already been declared
[2019-07-22T15:10:21.452] [ERROR] error - Request: GET http://localhost:9999 /api/sales {"p":"1","p_size":"10","category":"","brand":"","manufactor":"","start_time":"","end_time":""} undefined Error:SyntaxError Identifier 'brandInclude' has already been declared
[2019-07-22T15:11:10.987] [ERROR] error - Request: GET http://localhost:9999 /api/sales {"p":"1","p_size":"10","category":"","brand":"","manufactor":"","start_time":"1563724800","end_time":"1566489600"} undefined Error:SyntaxError Identifier 'brandInclude' has already been declared
[2019-07-22T15:11:21.168] [ERROR] error - Request: GET http://localhost:9999 /api/sales {"p":"1","p_size":"10","category":"","brand":"","manufactor":"","start_time":"1563724800","end_time":"1566489600"} undefined Error:SyntaxError Identifier 'brandInclude' has already been declared
[2019-07-22T15:11:25.854] [ERROR] error - Request: GET http://localhost:9999 /api/sales {"p":"1","p_size":"10","category":"","brand":"","manufactor":"","start_time":"1563724800","end_time":"1566489600"} undefined Error:SyntaxError Identifier 'brandInclude' has already been declared
[2019-07-22T15:11:42.657] [ERROR] error - Request: GET http://localhost:9999 /api/sales {"p":"1","p_size":"10","category":"","brand":"","manufactor":"","start_time":"1563724800","end_time":"1566489600"} undefined Error:SyntaxError Identifier 'brandInclude' has already been declared
[2019-07-22T15:12:20.465] [ERROR] error - Request: GET http://localhost:9999 /api/sales {"p":"1","p_size":"10","category":"","brand":"","manufactor":"","start_time":"1563724800","end_time":"1566489600"} undefined Error:SyntaxError Identifier 'brandInclude' has already been declared
[2019-07-22T15:12:24.711] [ERROR] error - Request: GET http://localhost:9999 /api/sales {"p":"1","p_size":"10","category":"","brand":"","manufactor":"","start_time":"1563724800","end_time":"1566489600"} undefined Error:SyntaxError Identifier 'brandInclude' has already been declared
[2019-07-22T15:12:25.373] [ERROR] error - Request: GET http://localhost:9999 /api/sales {"p":"1","p_size":"10","category":"","brand":"","manufactor":"","start_time":"1563724800","end_time":"1566489600"} undefined Error:SyntaxError Identifier 'brandInclude' has already been declared
[2019-07-22T15:12:57.014] [ERROR] error - Request: GET http://localhost:9999 /api/sales {"p":"1","p_size":"10","category":"18","brand":"11","manufactor":"14","start_time":"1563724800","end_time":"1566489600"} undefined Error:SyntaxError Identifier 'brandInclude' has already been declared
[2019-07-22T15:13:40.812] [ERROR] error - Request: GET http://localhost:9999 /api/sales {"p":"1","p_size":"10","category":"18","brand":"11","manufactor":"14","start_time":"1563724800","end_time":"1566489600"} undefined Error:SyntaxError Identifier 'brandInclude' has already been declared
[2019-07-22T15:15:14.418] [ERROR] error - Request: GET http://localhost:9999 /api/sales {"p":"1","p_size":"10","category":"18","brand":"11","manufactor":"14","start_time":"1563724800","end_time":"1566489600"} undefined Error:TypeError Cannot set property 'create_time' of undefined
[2019-07-22T15:15:36.400] [ERROR] error - Request: GET http://localhost:9999 /api/sales {"p":"1","p_size":"10","category":"18","brand":"11","manufactor":"14","start_time":"1563724800","end_time":"1566489600"} undefined Error:TypeError Cannot set property 'create_time' of undefined
[2019-07-22T15:16:22.446] [ERROR] error - Request: GET http://localhost:9999 /api/sales {"p":"1","p_size":"10","category":"18","brand":"11","manufactor":"14","start_time":"1563724800","end_time":"1566489600"} undefined Error:TypeError Cannot set property 'create_time' of undefined
[2019-07-22T15:16:37.682] [ERROR] error - Request: GET http://localhost:9999 /api/sales {"p":"1","p_size":"10","category":"18","brand":"11","manufactor":"14","start_time":"1563724800","end_time":"1566489600"} undefined Error:TypeError Cannot set property 'create_time' of undefined
[2019-07-22T15:16:41.639] [ERROR] error - Request: GET http://localhost:9999 /api/sales {"p":"1","p_size":"10","category":"18","brand":"11","manufactor":"14","start_time":"1563724800","end_time":"1566489600"} undefined Error:TypeError Cannot set property 'create_time' of undefined
[2019-07-22T15:17:07.536] [ERROR] error - Request: GET http://localhost:9999 /api/sales {"p":"1","p_size":"10","category":"","brand":"","manufactor":"","start_time":"1563811200","end_time":"1566403200"} undefined Error:TypeError Cannot set property 'create_time' of undefined
[2019-07-22T15:17:28.113] [ERROR] error - Request: GET http://localhost:9999 /api/sales {"p":"1","p_size":"10","category":"","brand":"","manufactor":"","start_time":"1563811200","end_time":"1566403200"} undefined Error:TypeError Cannot set property 'create_time' of undefined
[2019-07-22T15:17:50.964] [ERROR] error - Request: GET http://localhost:9999 /api/sales {"p":"1","p_size":"10","category":"","brand":"","manufactor":"","start_time":"1563811200","end_time":"1566403200"} undefined Error:TypeError Cannot set property 'create_time' of undefined
[2019-07-22T15:18:10.389] [ERROR] error - Request: GET http://localhost:9999 /api/sales {"p":"1","p_size":"10","category":"","brand":"","manufactor":"","start_time":"1563811200","end_time":"1566403200"} undefined Error:TypeError Cannot set property 'create_time' of undefined
[2019-07-22T15:20:15.908] [ERROR] error - Request: GET http://localhost:9999 /api/sales {"p":"1","p_size":"10","category":"","brand":"","manufactor":"","start_time":"1563811200","end_time":"1566403200"} undefined Error:SyntaxError Identifier 'brandInclude' has already been declared
[2019-07-22T15:20:51.930] [ERROR] error - Request: GET http://localhost:9999 /api/sales {"p":"1","p_size":"10","category":"","brand":"","manufactor":"","start_time":"1563811200","end_time":"1566403200"} undefined Error:SyntaxError Identifier 'brandInclude' has already been declared
[2019-07-22T15:21:32.877] [ERROR] error - Request: GET http://localhost:9999 /api/sales {"p":"1","p_size":"10","category":"","brand":"","manufactor":"","start_time":"1563811200","end_time":"1566403200"} undefined Error:SyntaxError Identifier 'brandInclude' has already been declared
[2019-07-22T15:21:36.198] [ERROR] error - Request: GET http://localhost:9999 /api/sales {"p":"1","p_size":"10","category":"","brand":"","manufactor":"","start_time":"1563811200","end_time":"1566403200"} undefined Error:SyntaxError Identifier 'brandInclude' has already been declared
[2019-07-22T15:21:51.747] [ERROR] error - Request: GET http://localhost:9999 /api/sales {"p":"1","p_size":"10","category":"","brand":"","manufactor":"","start_time":"1563811200","end_time":"1566403200"} undefined Error:SyntaxError Identifier 'brandInclude' has already been declared
[2019-07-22T15:22:59.920] [ERROR] error - Request: GET http://localhost:9999 /api/sales {"p":"1","p_size":"10","category":"","brand":"","manufactor":"","start_time":"1563811200","end_time":"1566403200"} undefined Error:SyntaxError Identifier 'brandInclude' has already been declared
[2019-07-22T15:23:07.059] [ERROR] error - Request: GET http://localhost:9999 /api/sales {"p":"1","p_size":"10","category":"","brand":"","manufactor":"","start_time":"1563811200","end_time":"1566403200"} undefined Error:SyntaxError Identifier 'brandInclude' has already been declared
[2019-07-22T15:23:47.184] [ERROR] error - Request: GET http://localhost:9999 /api/sales {"p":"1","p_size":"10","category":"","brand":"","manufactor":"","start_time":"1563811200","end_time":"1566403200"} undefined Error:SyntaxError Identifier 'brandInclude' has already been declared
[2019-07-22T15:26:35.081] [ERROR] error - Request: GET http://localhost:9999 /api/sales {"p":"1","p_size":"10","goods_id":"","start_time":"","end_time":""} undefined Error:SyntaxError Identifier 'brandInclude' has already been declared
[2019-07-22T15:27:01.324] [ERROR] error - Request: GET http://localhost:9999 /api/sales {"p":"1","p_size":"10","goods_id":"13","start_time":"","end_time":""} undefined Error:SyntaxError Identifier 'brandInclude' has already been declared
[2019-07-22T15:37:44.332] [ERROR] error - Request: GET http://localhost:9999 /api/sales {"p":"1","p_size":"10","goods_id":"","category_id":"18","brand_id":"","manufactor_id":"","start_time":"","end_time":""} undefined Error:TypeError Cannot set property 'id' of undefined
[2019-07-22T15:38:34.042] [ERROR] error - Request: GET http://localhost:9999 /api/sales {"p":"1","p_size":"10","goods_id":"","category_id":"18","brand_id":"","manufactor_id":"","start_time":"","end_time":""} undefined Error:TypeError Cannot set property 'id' of undefined
[2019-07-22T15:38:50.822] [ERROR] error - Request: GET http://localhost:9999 /api/sales {"p":"1","p_size":"10","goods_id":"","category_id":"18","brand_id":"","manufactor_id":"","start_time":"","end_time":""} undefined Error:TypeError Cannot set property 'id' of undefined
[2019-07-22T15:39:03.547] [ERROR] error - Request: GET http://localhost:9999 /api/sales {"p":"1","p_size":"10","goods_id":"","category_id":"18","brand_id":"","manufactor_id":"","start_time":"","end_time":""} undefined Error:TypeError Cannot set property 'id' of undefined
[2019-07-22T15:40:50.332] [ERROR] error - Request: GET http://localhost:9999 /api/sales {"p":"1","p_size":"10","goods_id":"","category_id":"18","brand_id":"","manufactor_id":"","start_time":"","end_time":""} undefined Error:TypeError Cannot set property 'id' of undefined
[2019-07-22T15:41:09.107] [ERROR] error - Request: GET http://localhost:9999 /api/sales {"p":"1","p_size":"10","goods_id":"","category_id":"18","brand_id":"","manufactor_id":"","start_time":"","end_time":""} undefined Error:TypeError Cannot set property 'id' of undefined
[2019-07-22T15:41:45.809] [ERROR] error - Request: GET http://localhost:9999 /api/sales {"p":"1","p_size":"10","goods_id":"","category_id":"18","brand_id":"","manufactor_id":"","start_time":"","end_time":""} undefined Error:TypeError Cannot set property 'id' of undefined
[2019-07-22T15:42:41.391] [ERROR] error - Request: GET http://localhost:9999 /api/sales {"p":"1","p_size":"10","goods_id":"","category_id":"18","brand_id":"","manufactor_id":"","start_time":"","end_time":""} undefined Error:TypeError Cannot set property 'id' of undefined
[2019-07-22T15:42:42.075] [ERROR] error - Request: GET http://localhost:9999 /api/sales {"p":"1","p_size":"10","goods_id":"","category_id":"18","brand_id":"","manufactor_id":"","start_time":"","end_time":""} undefined Error:TypeError Cannot set property 'id' of undefined
[2019-07-22T15:42:42.276] [ERROR] error - Request: GET http://localhost:9999 /api/sales {"p":"1","p_size":"10","goods_id":"","category_id":"18","brand_id":"","manufactor_id":"","start_time":"","end_time":""} undefined Error:TypeError Cannot set property 'id' of undefined
[2019-07-22T15:42:42.469] [ERROR] error - Request: GET http://localhost:9999 /api/sales {"p":"1","p_size":"10","goods_id":"","category_id":"18","brand_id":"","manufactor_id":"","start_time":"","end_time":""} undefined Error:TypeError Cannot set property 'id' of undefined
[2019-07-22T15:42:42.644] [ERROR] error - Request: GET http://localhost:9999 /api/sales {"p":"1","p_size":"10","goods_id":"","category_id":"18","brand_id":"","manufactor_id":"","start_time":"","end_time":""} undefined Error:TypeError Cannot set property 'id' of undefined
[2019-07-22T15:42:42.804] [ERROR] error - Request: GET http://localhost:9999 /api/sales {"p":"1","p_size":"10","goods_id":"","category_id":"18","brand_id":"","manufactor_id":"","start_time":"","end_time":""} undefined Error:TypeError Cannot set property 'id' of undefined
[2019-07-22T15:42:42.957] [ERROR] error - Request: GET http://localhost:9999 /api/sales {"p":"1","p_size":"10","goods_id":"","category_id":"18","brand_id":"","manufactor_id":"","start_time":"","end_time":""} undefined Error:TypeError Cannot set property 'id' of undefined
[2019-07-22T15:45:14.489] [ERROR] error - Request: GET http://localhost:9999 /api/sales {"p":"1","p_size":"10","goods_id":"","category_id":"18","brand_id":"","manufactor_id":"","start_time":"","end_time":""} undefined Error:TypeError Cannot set property 'id' of undefined
[2019-07-22T16:28:00.194] [ERROR] error - Request: POST http://localhost:9999 /api/goods {} undefined Error:Error WHERE parameter "name" has invalid "undefined" value
[2019-07-22T17:53:07.690] [ERROR] error - Request: GET http://localhost:9999 /api/goods {"p":"1","p_size":"10","status":"","keys":"","category_id":"","brand_id":"12"} undefined Error:TypeError value.map is not a function
[2019-07-22T17:53:17.297] [ERROR] error - Request: GET http://localhost:9999 /api/goods {"p":"1","p_size":"10","status":"","keys":"","category_id":"","brand_id":"12"} undefined Error:TypeError value.map is not a function
[2019-07-22T17:53:17.875] [ERROR] error - Request: GET http://localhost:9999 /api/goods {"p":"1","p_size":"10","status":"","keys":"","category_id":"","brand_id":"12"} undefined Error:TypeError value.map is not a function
[2019-07-22T17:53:33.802] [ERROR] error - Request: GET http://localhost:9999 /api/goods {"p":"1","p_size":"10","status":"","keys":"","category_id":"","brand_id":"12"} undefined Error:TypeError value.map is not a function
[2019-07-22T17:56:08.307] [ERROR] error - Request: GET http://localhost:9999 /api/goods {"p":"1","p_size":"10","status":"","keys":"","category_id":"","brand_id":"12"} undefined Error:TypeError value.map is not a function
[2019-07-22T17:56:36.402] [ERROR] error - Request: GET http://localhost:9999 /api/goods {"p":"1","p_size":"10","status":"","keys":"","category_id":"","brand_id":"12"} undefined Error:TypeError value.map is not a function
[2019-07-22T18:17:19.018] [ERROR] error - Request: GET http://localhost:9999 /api/goods {"p":"1","p_size":"10","status":"","keys":"","category_id":"18","brand_id":"11"} undefined Error:Error WHERE parameter "id" has invalid "undefined" value
[2019-07-22T18:17:43.465] [ERROR] error - Request: GET http://localhost:9999 /api/goods {"p":"1","p_size":"10","status":"","keys":"","category_id":"","brand_id":""} undefined Error:Error WHERE parameter "id" has invalid "undefined" value
[2019-07-22T18:18:05.202] [ERROR] error - Request: GET http://localhost:9999 /api/goods {"p":"1","p_size":"10","status":"","keys":"","category_id":"","brand_id":""} undefined Error:Error WHERE parameter "id" has invalid "undefined" value
[2019-07-22T18:18:26.442] [ERROR] error - Request: GET http://localhost:9999 /api/goods {"p":"1","p_size":"10","status":"","keys":"","category_id":"","brand_id":""} undefined Error:Error WHERE parameter "id" has invalid "undefined" value
[2019-07-22T18:18:27.414] [ERROR] error - Request: GET http://localhost:9999 /api/goods {"p":"1","p_size":"10","status":"","keys":"","category_id":"","brand_id":""} undefined Error:Error WHERE parameter "id" has invalid "undefined" value
[2019-07-22T18:18:40.148] [ERROR] error - Request: GET http://localhost:9999 /api/goods {"p":"1","p_size":"10","status":"","keys":"","category_id":"","brand_id":""} undefined Error:Error WHERE parameter "id" has invalid "undefined" value
[2019-07-22T18:18:48.032] [ERROR] error - Request: GET http://localhost:9999 /api/goods {"p":"1","p_size":"10","status":"","keys":"","category_id":"17","brand_id":""} undefined Error:Error WHERE parameter "id" has invalid "undefined" value
[2019-07-22T18:29:01.073] [ERROR] error - Request: GET http://localhost:9999 /api/goods {"p":"1","p_size":"10","status":"","keys":"","category_id":"17","brand_id":""} undefined Error:Error WHERE parameter "id" has invalid "undefined" value
[2019-07-22T18:39:17.606] [ERROR] error - Request: GET http://localhost:9999 /api/goods {"p":"1","p_size":"10","status":"","keys":"","category_id":"","brand_id":""} undefined Error:Error WHERE parameter "id" has invalid "undefined" value
[2019-07-22T18:39:33.290] [ERROR] error - Request: GET http://localhost:9999 /api/goods {"p":"1","p_size":"10","status":"","keys":"","category_id":"18","brand_id":""} undefined Error:Error WHERE parameter "id" has invalid "undefined" value
[2019-07-22T18:40:30.149] [ERROR] error - Request: GET http://localhost:9999 /api/goods {"p":"1","p_size":"10","status":"","keys":"","category_id":"","brand_id":""} undefined Error:Error WHERE parameter "id" has invalid "undefined" value
[2019-07-22T18:40:35.422] [ERROR] error - Request: GET http://localhost:9999 /api/goods {"p":"1","p_size":"10","status":"","keys":"","category_id":"","brand_id":""} undefined Error:Error WHERE parameter "id" has invalid "undefined" value
[2019-07-22T18:44:31.219] [ERROR] error - Request: GET http://localhost:9999 /api/goods {"p":"1","p_size":"10","status":"","keys":"","category_id":"","brand_id":""} undefined Error:Error WHERE parameter "id" has invalid "undefined" value
[2019-07-22T18:45:02.000] [ERROR] error - Request: GET http://localhost:9999 /api/goods {"p":"1","p_size":"10","status":"","keys":"","category_id":"","brand_id":""} undefined Error:Error WHERE parameter "id" has invalid "undefined" value
[2019-07-22T18:45:30.288] [ERROR] error - Request: GET http://localhost:9999 /api/goods {"p":"1","p_size":"10","status":"","keys":"","category_id":"18","brand_id":""} undefined Error:Error WHERE parameter "id" has invalid "undefined" value
