[2019-06-28T14:31:31.569] [INFO] resLogger - 
*************** response log start ***************
request method: GET
request originalUrl:  /fdkashjkl/897
request client ip:  ::1
request query:  {}
response time: 0
response status: 404
response body: 
undefined
*************** response log end ***************

[2019-06-28T14:31:31.774] [INFO] resLogger - 
*************** response log start ***************
request method: GET
request originalUrl:  /fdkashjkl/897
request client ip:  ::1
request query:  {}
response time: 0
response status: 404
response body: 
undefined
*************** response log end ***************

